<?xml version="1.0" encoding="UTF-8"?>
<!-- Generated by org.testng.reporters.JUnitXMLReporter -->
<testsuite hostname="DESKTOP-8IR1DMT" failures="0" tests="5" name="GRP-Smoke" time="0.06" errors="0" timestamp="23 Mar 2022 04:49:01 GMT">
  <testcase classname="TestNGGroups.class1" name="FirstProgrammofClass1" time="0.019"/>
  <testcase classname="TestNGGroups.class1" name="SecondProgrammofClass1" time="0.004"/>
  <testcase classname="TestNGGroups.class1" name="ThirdProgrammofClass1" time="0.002"/>
  <testcase classname="TestNGGroups.class1" name="FourthProgrammofClass1" time="0.002"/>
  <testcase classname="TestNGGroups.class1" name="FiveProgrammofClass1" time="0.004"/>
</testsuite> <!-- GRP-Smoke -->
