<?xml version="1.0" encoding="UTF-8"?>
<!-- Generated by org.testng.reporters.JUnitXMLReporter -->
<testsuite hostname="DESKTOP-8IR1DMT" failures="0" tests="4" name="Test" time="0.105" errors="0" timestamp="28 Mar 2022 13:05:46 GMT">
  <testcase classname="TestNGGroups.class1" name="FirstProgrammofClass1" time="0.022"/>
  <testcase classname="TestNGGroups.class2" name="FirstProgrammofclass2" time="0.003"/>
  <testcase classname="TestNGGroups.class1" name="SecondProgrammofClass1" time="0.017"/>
  <testcase classname="TestNGGroups.class2" name="SecondProgrammofclass2" time="0.003"/>
</testsuite> <!-- Test -->
